<?xml version="1.0" encoding="UTF-8"?>
<testsuite xmlns:xsi="http://www.w3.org/2001/XMLSchema-instance" xsi:noNamespaceSchemaLocation="https://maven.apache.org/surefire/maven-surefire-plugin/xsd/surefire-test-report-3.0.xsd" version="3.0" name="com.sudoku.service.SudokuSolverTest" time="0.024" tests="15" errors="0" skipped="1" failures="0">
  <properties>
[...]
</properties>
  <testcase name="getHint_partialGrid_returnsFirstEmptyCellValue" classname="com.sudoku.service.SudokuSolverTest" time="0.002"/>
  <testcase name="solve_validPuzzle_returnsCompleteSolution" classname="com.sudoku.service.SudokuSolverTest" time="0.002"/>
  <testcase name="solve_doesNotMutatePuzzleArgument" classname="com.sudoku.service.SudokuSolverTest" time="0.002"/>
  <testcase name="hasUniqueSolution_solvedGrid_returnsTrue" classname="com.sudoku.service.SudokuSolverTest" time="0.001"/>
  <testcase name="isPlacementValid_rowConflict_returnsFalse" classname="com.sudoku.service.SudokuSolverTest" time="0.0"/>
  <testcase name="hasUniqueSolution_multiSolutionPuzzle_returnsFalse" classname="com.sudoku.service.SudokuSolverTest" time="0.0">
    <skipped message="hasUniqueSolution uses exhaustive backtracking — in a loosely constrained puzzle (many empty cells) finding the 2nd solution can take minutes. This behaviour is covered indirectly by PuzzleGeneratorTest, which relies on the method returning false whenever a removal creates ambiguity."/>
  </testcase>
  <testcase name="isPlacementValid_subgridConflict_returnsFalse" classname="com.sudoku.service.SudokuSolverTest" time="0.001"/>
  <testcase name="isPlacementValid_noConflict_returnsTrue" classname="com.sudoku.service.SudokuSolverTest" time="0.0"/>
  <testcase name="getHint_singleEmptyCell_returnsCorrectHint" classname="com.sudoku.service.SudokuSolverTest" time="0.0"/>
  <testcase name="hasUniqueSolution_samplePuzzle_returnsTrue" classname="com.sudoku.service.SudokuSolverTest" time="0.001"/>
  <testcase name="solve_unsolvablePuzzle_returnsNull" classname="com.sudoku.service.SudokuSolverTest" time="0.003"/>
  <testcase name="solve_alreadySolvedGrid_returnsSameGrid" classname="com.sudoku.service.SudokuSolverTest" time="0.001"/>
  <testcase name="solve_emptyGrid_returnsAValidSolution" classname="com.sudoku.service.SudokuSolverTest" time="0.001"/>
  <testcase name="isPlacementValid_colConflict_returnsFalse" classname="com.sudoku.service.SudokuSolverTest" time="0.001"/>
  <testcase name="getHint_completedGrid_returnsEmpty" classname="com.sudoku.service.SudokuSolverTest" time="0.0"/>
</testsuite>